<?xml version="1.0"?>

<root>
    <level1>
        <level2>Text 1</level2>
        <level2>Text 2</level2>
        <level2>Text 3</level2>
    </level1>
</root>