<?xml version="1.0" encoding="UTF-8"?>
<dal>
   <test-three column_a="abc" text_set_column="a,b,c,d"/>
   <test-three column_a="def" text_set_column="e,f,g,h"/>
</dal>