<?xml version="1.0" encoding="UTF-8"?>
<dal>

   <test-three column_a="abc" text_set_column="a,b,c,d" enum_set_column="2" enumIdRef="2"/>
   <test-three column_a="def" text_set_column="e,f,g,h" enum_set_column="1" enumIdRef="1"/>
   <test-three column_a="def" text_set_column="e,f,g,h" enum_set_column="One" enumIdRef="One"/>

</dal>